[0.000000] (-) TimerEvent: {}
[0.001871] (controller) JobQueued: {'identifier': 'controller', 'dependencies': OrderedDict()}
[0.003784] (px4_msgs) JobQueued: {'identifier': 'px4_msgs', 'dependencies': OrderedDict()}
[0.004048] (controller) JobStarted: {'identifier': 'controller'}
[0.101589] (-) TimerEvent: {}
[0.105808] (px4_msgs) JobStarted: {'identifier': 'px4_msgs'}
[0.201698] (-) TimerEvent: {}
[0.302654] (-) TimerEvent: {}
[0.403462] (-) TimerEvent: {}
[0.504200] (-) TimerEvent: {}
[0.604983] (-) TimerEvent: {}
[0.705726] (-) TimerEvent: {}
[0.806514] (-) TimerEvent: {}
[0.907472] (-) TimerEvent: {}
[1.008243] (-) TimerEvent: {}
[1.108970] (-) TimerEvent: {}
[1.209693] (-) TimerEvent: {}
[1.310417] (-) TimerEvent: {}
[1.411287] (-) TimerEvent: {}
[1.512021] (-) TimerEvent: {}
[1.612771] (-) TimerEvent: {}
[1.713508] (-) TimerEvent: {}
[1.814205] (-) TimerEvent: {}
[1.915020] (-) TimerEvent: {}
[2.015803] (-) TimerEvent: {}
[2.097859] (px4_msgs) JobProgress: {'identifier': 'px4_msgs', 'progress': 'cmake'}
[2.108722] (px4_msgs) JobProgress: {'identifier': 'px4_msgs', 'progress': 'build'}
[2.112776] (px4_msgs) Command: {'cmd': ['/usr/local/bin/cmake', '--build', '/home/patryk/ros2_ws/build/px4_msgs', '--', '-j4', '-l4'], 'cwd': '/home/patryk/ros2_ws/build/px4_msgs', 'env': OrderedDict([('OPENBLAS_CORETYPE', 'ARMV8'), ('PYENV_VIRTUALENV_INIT', '1'), ('LESSOPEN', '| /usr/bin/lesspipe %s'), ('USER', 'patryk'), ('LANGUAGE', 'en_US'), ('LC_TIME', 'pl_PL.UTF-8'), ('OSPL_INFOFILE', '<stdout>'), ('XDG_SEAT', 'seat0'), ('SSH_AGENT_PID', '5315'), ('XDG_SESSION_TYPE', 'x11'), ('LD_LIBRARY_PATH', '/home/patryk/ros2_ws/install/px4_msgs/lib:/opt/ros/dashing/opt/yaml_cpp_vendor/lib:/opt/ros/dashing/opt/rviz_ogre_vendor/lib:/opt/ros/dashing/lib:/home/patryk/ros2_dashing/ros2-linux/opt/yaml_cpp_vendor/lib:/home/patryk/ros2_dashing/ros2-linux/opt/rviz_ogre_vendor/lib:/usr/lib:/home/patryk/ros2_dashing/ros2-linux/lib:/usr/local/cuda-10.2/lib64:'), ('SHLVL', '1'), ('OLDPWD', '/home/patryk'), ('OSPL_URI', 'file:///home/patryk/ros2_dashing/ros2-linux/share/opensplice_cmake_module/config/ros_ospl.xml'), ('HOME', '/home/patryk'), ('DESKTOP_SESSION', 'LXDE'), ('JETSON_L4T', '32.7.6'), ('PYENV_SHELL', 'bash'), ('OSPL_VERBOSITY', '2'), ('JETSON_MODEL', 'NVIDIA Jetson Nano 2GB Developer Kit'), ('GTK_MODULES', 'gail:atk-bridge'), ('ROS_PYTHON_VERSION', '3'), ('XDG_SEAT_PATH', '/org/freedesktop/DisplayManager/Seat0'), ('LC_MONETARY', 'pl_PL.UTF-8'), ('DBUS_SESSION_BUS_ADDRESS', 'unix:path=/run/user/1000/bus'), ('OSPL_TMPL_PATH', '/usr/etc/opensplice/idlpp'), ('COLORTERM', 'truecolor'), ('MANDATORY_PATH', '/usr/share/gconf/ux-LXDE.mandatory.path'), ('COLCON_PREFIX_PATH', '/home/patryk/ros2_ws/install:/home/patryk/ros2_dashing/ros2-linux'), ('ROS_DISTRO', 'dashing'), ('LOGNAME', 'patryk'), ('JETSON_SERIAL_NUMBER', '1420322025424'), ('JETSON_MODULE', 'NVIDIA Jetson Nano (2 GB ram)'), ('_', '/usr/bin/colcon'), ('DEFAULTS_PATH', '/usr/share/gconf/ux-LXDE.default.path'), ('JETSON_CODENAME', 'Batuu'), ('ROS_VERSION', '2'), ('PKG_CONFIG_PATH', '/home/patryk/ros2_dashing/ros2-linux/lib/aarch64-linux-gnu/pkgconfig:/home/patryk/ros2_dashing/ros2-linux/lib/pkgconfig'), ('XDG_SESSION_ID', 'c1'), ('TERM', 'xterm-256color'), ('LIB_DARKNET', '/home/patryk/darknet/libdarknet.so'), ('SAL_USE_VCLPLUGIN', 'gtk'), ('OSPL_ERRORFILE', '<stderr>'), ('PATH', '/opt/ros/dashing/bin:/home/patryk/ros2_dashing/ros2-linux/bin:/usr/local/cuda-10.2/bin:/home/patryk/.pyenv/plugins/pyenv-virtualenv/shims:/home/patryk/.pyenv/shims:~/.pyenv/bin:/home/patryk/.local/bin:/home/patryk/.local/bin:/usr/local/sbin:/usr/local/bin:/usr/sbin:/usr/bin:/sbin:/bin:/usr/games:/usr/local/games:/snap/bin'), ('GDM_LANG', 'en_US'), ('XDG_MENU_PREFIX', 'lxde-'), ('LC_ADDRESS', 'pl_PL.UTF-8'), ('XDG_RUNTIME_DIR', '/run/user/1000'), ('XDG_SESSION_PATH', '/org/freedesktop/DisplayManager/Session0'), ('DISPLAY', ':0.0'), ('LANG', 'en_US.UTF-8'), ('OSPL_HOME', '/usr'), ('XDG_CURRENT_DESKTOP', 'LXDE'), ('LC_TELEPHONE', 'pl_PL.UTF-8'), ('LS_COLORS', 'rs=0:di=01;34:ln=01;36:mh=00:pi=40;33:so=01;35:do=01;35:bd=40;33;01:cd=40;33;01:or=40;31;01:mi=00:su=37;41:sg=30;43:ca=30;41:tw=30;42:ow=34;42:st=37;44:ex=01;32:*.tar=01;31:*.tgz=01;31:*.arc=01;31:*.arj=01;31:*.taz=01;31:*.lha=01;31:*.lz4=01;31:*.lzh=01;31:*.lzma=01;31:*.tlz=01;31:*.txz=01;31:*.tzo=01;31:*.t7z=01;31:*.zip=01;31:*.z=01;31:*.Z=01;31:*.dz=01;31:*.gz=01;31:*.lrz=01;31:*.lz=01;31:*.lzo=01;31:*.xz=01;31:*.zst=01;31:*.tzst=01;31:*.bz2=01;31:*.bz=01;31:*.tbz=01;31:*.tbz2=01;31:*.tz=01;31:*.deb=01;31:*.rpm=01;31:*.jar=01;31:*.war=01;31:*.ear=01;31:*.sar=01;31:*.rar=01;31:*.alz=01;31:*.ace=01;31:*.zoo=01;31:*.cpio=01;31:*.7z=01;31:*.rz=01;31:*.cab=01;31:*.wim=01;31:*.swm=01;31:*.dwm=01;31:*.esd=01;31:*.jpg=01;35:*.jpeg=01;35:*.mjpg=01;35:*.mjpeg=01;35:*.gif=01;35:*.bmp=01;35:*.pbm=01;35:*.pgm=01;35:*.ppm=01;35:*.tga=01;35:*.xbm=01;35:*.xpm=01;35:*.tif=01;35:*.tiff=01;35:*.png=01;35:*.svg=01;35:*.svgz=01;35:*.mng=01;35:*.pcx=01;35:*.mov=01;35:*.mpg=01;35:*.mpeg=01;35:*.m2v=01;35:*.mkv=01;35:*.webm=01;35:*.ogm=01;35:*.mp4=01;35:*.m4v=01;35:*.mp4v=01;35:*.vob=01;35:*.qt=01;35:*.nuv=01;35:*.wmv=01;35:*.asf=01;35:*.rm=01;35:*.rmvb=01;35:*.flc=01;35:*.avi=01;35:*.fli=01;35:*.flv=01;35:*.gl=01;35:*.dl=01;35:*.xcf=01;35:*.xwd=01;35:*.yuv=01;35:*.cgm=01;35:*.emf=01;35:*.ogv=01;35:*.ogx=01;35:*.aac=00;36:*.au=00;36:*.flac=00;36:*.m4a=00;36:*.mid=00;36:*.midi=00;36:*.mka=00;36:*.mp3=00;36:*.mpc=00;36:*.ogg=00;36:*.ra=00;36:*.wav=00;36:*.oga=00;36:*.opus=00;36:*.spx=00;36:*.xspf=00;36:'), ('XDG_CONFIG_HOME', '/home/patryk/.config'), ('JETSON_SOC', 'tegra210'), ('XDG_SESSION_DESKTOP', 'ux-LXDE'), ('XAUTHORITY', '/home/patryk/.Xauthority'), ('XDG_DATA_HOME', '/home/patryk/.local/share'), ('AMENT_PREFIX_PATH', '/home/patryk/ros2_ws/install/px4_msgs:/home/patryk/ros2_ws/install/controller:/opt/ros/dashing:/home/patryk/ros2_dashing/ros2-linux'), ('SSH_AUTH_SOCK', '/tmp/ssh-G8axCmJDLCGX/agent.4842'), ('XDG_GREETER_DATA_DIR', '/var/lib/lightdm-data/patryk'), ('LC_NAME', 'pl_PL.UTF-8'), ('SHELL', '/bin/bash'), ('QT_ACCESSIBILITY', '1'), ('GDMSESSION', 'ux-LXDE'), ('LESSCLOSE', '/usr/bin/lesspipe %s %s'), ('JETSON_BOARDIDS', 'p3448'), ('LC_MEASUREMENT', 'pl_PL.UTF-8'), ('_LXSESSION_PID', '4842'), ('GPG_AGENT_INFO', '/run/user/1000/gnupg/S.gpg-agent:0:1'), ('LC_IDENTIFICATION', 'pl_PL.UTF-8'), ('XDG_VTNR', '7'), ('JETSON_CUDA_ARCH_BIN', '5.3'), ('PWD', '/home/patryk/ros2_ws/build/px4_msgs'), ('XDG_DATA_DIRS', '/usr/local/share:/usr/share:/usr/share/gdm:/var/lib/menu-xdg:/usr/local/share/:/usr/share/:/usr/share/gdm/:/var/lib/menu-xdg/'), ('XDG_CONFIG_DIRS', '/etc/xdg/xdg-ux-LXDE:/etc/xdg'), ('LC_NUMERIC', 'pl_PL.UTF-8'), ('PYTHONPATH', '/home/patryk/ros2_ws/install/px4_msgs/lib/python3.6/site-packages:/home/patryk/ros2_ws/build/controller:/home/patryk/ros2_ws/install/controller/lib/python3.6/site-packages:/opt/ros/dashing/lib/python3.6/site-packages:/usr/local/lib:/usr/local/lib/python3.6/pyrealsense2:/usr/local/lib:/usr/local/lib/python3.6/pyrealsense2:/usr/local/lib:/usr/local/lib/python3.6/pyrealsense2:/home/patryk/ros2_dashing/ros2-linux/lib/python3.6/site-packages:/usr/local/lib'), ('LC_PAPER', 'pl_PL.UTF-8'), ('COLCON', '1'), ('JETSON_JETPACK', ''), ('VTE_VERSION', '5202'), ('CMAKE_PREFIX_PATH', '/home/patryk/ros2_ws/install/px4_msgs:/home/patryk/ros2_dashing/ros2-linux:/home/patryk/ros2_ws/install/controller:/opt/ros/dashing'), ('JETSON_P_NUMBER', 'p3448-0003')]), 'shell': False}
[2.118579] (-) TimerEvent: {}
[2.220706] (-) TimerEvent: {}
[2.323040] (-) TimerEvent: {}
[2.423733] (-) TimerEvent: {}
[2.475455] (px4_msgs) StderrLine: {'line': b'make: *** wait: No child processes.  Stop.\n'}
[2.476406] (px4_msgs) StderrLine: {'line': b'make: *** Waiting for unfinished jobs....\n'}
[2.476934] (px4_msgs) StderrLine: {'line': b'make: *** wait: No child processes.  Stop.\n'}
[2.479729] (px4_msgs) CommandEnded: {'returncode': -2}
[2.524038] (-) TimerEvent: {}
[2.536632] (controller) StderrLine: {'line': b'Traceback (most recent call last):\n  File "/usr/lib/python3/dist-packages/colcon_parallel_executor/executor/parallel.py", line 75, in execute\n    loop.run_until_complete(future)\n  File "/usr/lib/python3.6/asyncio/base_events.py", line 471, in run_until_complete\n    self.run_forever()\n  File "/usr/lib/python3.6/asyncio/base_events.py", line 438, in run_forever\n    self._run_once()\n  File "/usr/lib/python3.6/asyncio/base_events.py", line 1415, in _run_once\n    event_list = self._selector.select(timeout)\n  File "/usr/lib/python3.6/selectors.py", line 445, in select\n    fd_event_list = self._epoll.poll(timeout, max_ev)\nKeyboardInterrupt\n\nDuring handling of the above exception, another exception occurred:\n\nTraceback (most recent call last):\n  File "/usr/lib/python3/dist-packages/colcon_core/executor/__init__.py", line 91, in __call__\n    rc = await self.task(*args, **kwargs)\n  File "/usr/lib/python3/dist-packages/colcon_core/task/__init__.py", line 93, in __call__\n    return await task_method(*args, **kwargs)\n  File "/usr/lib/python3/dist-packages/colcon_ros/task/ament_python/build.py", line 102, in build\n    return await extension.build(additional_hooks=additional_hooks)\n  File "/usr/lib/python3/dist-packages/colcon_core/task/python/build.py", line 86, in build\n    args.path, env)\n  File "/usr/lib/python3/dist-packages/colcon_core/task/python/build.py", line 176, in _get_available_commands\n    [executable, \'setup.py\', \'--help-commands\'], cwd=path, env=env)\n  File "/usr/lib/python3/dist-packages/colcon_core/subprocess.py", line 129, in check_output\n    assert not rc, f\'Expected {args} to pass: {stderr_data}\'\nAssertionError: Expected [\'/usr/bin/python3\', \'setup.py\', \'--help-commands\'] to pass: Traceback (most recent call last):\n  File "setup.py", line 1, in <module>\n    from setuptools import setup\n  File "/home/patryk/.local/lib/python3.6/site-packages/setuptools/__init__.py", line 10, in <module>\n    import distutils.core\n  File "/usr/lib/python3.6/distutils/core.py", line 18, in <module>\n    from distutils.config import PyPIRCCommand\n  File "/usr/lib/python3.6/distutils/config.py", line 7, in <module>\n    from configparser import RawConfigParser\n  File "/usr/lib/python3.6/configparser.py", line 559, in <module>\n    class RawConfigParser(MutableMapping):\n  File "/usr/lib/python3.6/configparser.py", line 590, in RawConfigParser\n    OPTCRE = re.compile(_OPT_TMPL.format(delim="=|:"), re.VERBOSE)\n  File "/usr/lib/python3.6/re.py", line 233, in compile\n    return _compile(pattern, flags)\n  File "/usr/lib/python3.6/re.py", line 301, in _compile\n    p = sre_compile.compile(pattern, flags)\n  File "/usr/lib/python3.6/sre_compile.py", line 562, in compile\n    p = sre_parse.parse(p, flags)\n  File "/usr/lib/python3.6/sre_parse.py", line 855, in parse\n    p = _parse_sub(source, pattern, flags & SRE_FLAG_VERBOSE, 0)\n  File "/usr/lib/python3.6/sre_parse.py", line 416, in _parse_sub\n    not nested and not items))\n  File "/usr/lib/python3.6/sre_parse.py", line 488, in _parse\n    sourceget()\n  File "/usr/lib/python3.6/sre_parse.py", line 253, in get\n    def get(self):\nKeyboardInterrupt\n\n'}
[2.539645] (controller) JobEnded: {'identifier': 'controller', 'rc': 'SIGINT'}
[2.624164] (-) TimerEvent: {}
[2.724793] (-) TimerEvent: {}
[2.826956] (-) TimerEvent: {}
[2.910566] (px4_msgs) JobEnded: {'identifier': 'px4_msgs', 'rc': 'SIGINT'}
[2.922503] (-) EventReactorShutdown: {}
