Traceback (most recent call last):
  File "/usr/lib/python3/dist-packages/colcon_parallel_executor/executor/parallel.py", line 75, in execute
    loop.run_until_complete(future)
  File "/usr/lib/python3.6/asyncio/base_events.py", line 471, in run_until_complete
    self.run_forever()
  File "/usr/lib/python3.6/asyncio/base_events.py", line 438, in run_forever
    self._run_once()
  File "/usr/lib/python3.6/asyncio/base_events.py", line 1415, in _run_once
    event_list = self._selector.select(timeout)
  File "/usr/lib/python3.6/selectors.py", line 445, in select
    fd_event_list = self._epoll.poll(timeout, max_ev)
KeyboardInterrupt

During handling of the above exception, another exception occurred:

Traceback (most recent call last):
  File "/usr/lib/python3/dist-packages/colcon_core/executor/__init__.py", line 91, in __call__
    rc = await self.task(*args, **kwargs)
  File "/usr/lib/python3/dist-packages/colcon_core/task/__init__.py", line 93, in __call__
    return await task_method(*args, **kwargs)
  File "/usr/lib/python3/dist-packages/colcon_ros/task/ament_python/build.py", line 102, in build
    return await extension.build(additional_hooks=additional_hooks)
  File "/usr/lib/python3/dist-packages/colcon_core/task/python/build.py", line 86, in build
    args.path, env)
  File "/usr/lib/python3/dist-packages/colcon_core/task/python/build.py", line 176, in _get_available_commands
    [executable, 'setup.py', '--help-commands'], cwd=path, env=env)
  File "/usr/lib/python3/dist-packages/colcon_core/subprocess.py", line 129, in check_output
    assert not rc, f'Expected {args} to pass: {stderr_data}'
AssertionError: Expected ['/usr/bin/python3', 'setup.py', '--help-commands'] to pass: Traceback (most recent call last):
  File "setup.py", line 1, in <module>
    from setuptools import setup
  File "/home/patryk/.local/lib/python3.6/site-packages/setuptools/__init__.py", line 10, in <module>
    import distutils.core
  File "/usr/lib/python3.6/distutils/core.py", line 18, in <module>
    from distutils.config import PyPIRCCommand
  File "/usr/lib/python3.6/distutils/config.py", line 7, in <module>
    from configparser import RawConfigParser
  File "/usr/lib/python3.6/configparser.py", line 559, in <module>
    class RawConfigParser(MutableMapping):
  File "/usr/lib/python3.6/configparser.py", line 590, in RawConfigParser
    OPTCRE = re.compile(_OPT_TMPL.format(delim="=|:"), re.VERBOSE)
  File "/usr/lib/python3.6/re.py", line 233, in compile
    return _compile(pattern, flags)
  File "/usr/lib/python3.6/re.py", line 301, in _compile
    p = sre_compile.compile(pattern, flags)
  File "/usr/lib/python3.6/sre_compile.py", line 562, in compile
    p = sre_parse.parse(p, flags)
  File "/usr/lib/python3.6/sre_parse.py", line 855, in parse
    p = _parse_sub(source, pattern, flags & SRE_FLAG_VERBOSE, 0)
  File "/usr/lib/python3.6/sre_parse.py", line 416, in _parse_sub
    not nested and not items))
  File "/usr/lib/python3.6/sre_parse.py", line 488, in _parse
    sourceget()
  File "/usr/lib/python3.6/sre_parse.py", line 253, in get
    def get(self):
KeyboardInterrupt

